1636446283341	geckodriver	INFO	Listening on 127.0.0.1:52693
1636446283494	mozrunner::runner	INFO	Running command: "/usr/local/bin/firefox" "--marionette" "-no-remote" "-profile" "/tmp/rust_mozprofile5wVEnr"
1636446311100	Marionette	INFO	Marionette enabled
console.warn: SearchSettings: "get: No settings file exists, new profile?" (new NotFoundError("Could not open the file at /tmp/rust_mozprofile5wVEnr/search.json.mozlz4", (void 0)))
console.error: Region.jsm: "Error fetching region" (new Error("TIMEOUT", "resource://gre/modules/Region.jsm", 772))
console.error: Region.jsm: "Failed to fetch region" (new Error("TIMEOUT", "resource://gre/modules/Region.jsm", 419))
1636446449443	Marionette	INFO	Listening on port 36701
console.error: "Could not write session state file " (new Error("", "(unknown module)")) ""
JavaScript error: resource://gre/modules/PromiseWorker.jsm, line 106: Error: Could not get children of file(/tmp/rust_mozprofile5wVEnr/thumbnails) because it does not exist
1636446501546	Marionette	INFO	Stopped listening on port 36701
JavaScript error: , line 0: uncaught exception: null
ExceptionHandler::GenerateDump cloned child 6970
ExceptionHandler::SendContinueSignalToChild sent continue signal to child
ExceptionHandler::WaitForContinueSignal waiting for continue signal...
Exiting due to channel error.
1636446778186	geckodriver	INFO	Listening on 127.0.0.1:40291
1636446778354	mozrunner::runner	INFO	Running command: "/usr/local/bin/firefox" "--marionette" "-no-remote" "-profile" "/tmp/rust_mozprofilegkCvDq"
1636446794471	Marionette	INFO	Marionette enabled
console.warn: SearchSettings: "get: No settings file exists, new profile?" (new NotFoundError("Could not open the file at /tmp/rust_mozprofilegkCvDq/search.json.mozlz4", (void 0)))
console.error: Region.jsm: "Error fetching region" (new Error("TIMEOUT", "resource://gre/modules/Region.jsm", 772))
console.error: Region.jsm: "Failed to fetch region" (new Error("TIMEOUT", "resource://gre/modules/Region.jsm", 419))
1636446839453	Marionette	INFO	Listening on port 41275
console.warn: TopSitesFeed: Failed to fetch data from Contile server: NetworkError when attempting to fetch resource.
JavaScript error: , line 0: uncaught exception: null
1636447179388	Marionette	INFO	Stopped listening on port 41275
console.warn: TopSitesFeed: Failed to fetch data from Contile server: NetworkError when attempting to fetch resource.
JavaScript error: , line 0: AbortError: A request was aborted, for example through a call to IDBTransaction.abort.
JavaScript error: , line 0: uncaught exception: null
JavaScript error: , line 0: uncaught exception: null
[2021-11-09T08:39:40Z ERROR glean] Can't persist ping lifetime data: Error { kind: Rkv(IoError(Os { code: 2, kind: NotFound, message: "No such file or directory" })) }

###!!! [Parent][RunMessage] Error: Channel closing: too late to send/recv, messages will be lost

1636447317595	geckodriver	INFO	Listening on 127.0.0.1:35133
1636447317734	mozrunner::runner	INFO	Running command: "/usr/local/bin/firefox" "--marionette" "-no-remote" "-profile" "/tmp/rust_mozprofile6edYEi"
1636447333413	Marionette	INFO	Marionette enabled
console.warn: SearchSettings: "get: No settings file exists, new profile?" (new NotFoundError("Could not open the file at /tmp/rust_mozprofile6edYEi/search.json.mozlz4", (void 0)))
console.error: Region.jsm: "Error fetching region" (new AbortError("The operation was aborted. ", (void 0), 770))
console.error: Region.jsm: "Failed to fetch region" (new Error("NO_RESULT", "resource://gre/modules/Region.jsm", 419))
1636447370978	Marionette	INFO	Listening on port 40211
1636447373236	RemoteAgent	WARN	TLS certificate errors will be ignored for this session
1636447380989	Marionette	INFO	Stopped listening on port 40211

###!!! [Parent][MessageChannel] Error: (msgtype=0x5A000D,name=PHttpBackgroundChannel::Msg___delete__) Channel error: cannot send/recv


###!!! [Parent][MessageChannel] Error: (msgtype=0x5A0001,name=PHttpBackgroundChannel::Msg_OnStartRequest) Channel error: cannot send/recv


###!!! [Parent][MessageChannel] Error: (msgtype=0x5A0003,name=PHttpBackgroundChannel::Msg_OnStopRequest) Channel error: cannot send/recv


###!!! [Parent][MessageChannel] Error: (msgtype=0x140007,name=PBackgroundLSDatabase::Msg_RequestAllowToClose) Channel error: cannot send/recv


###!!! [Parent][MessageChannel] Error: (msgtype=0x5A000D,name=PHttpBackgroundChannel::Msg___delete__) Channel error: cannot send/recv


###!!! [Parent][MessageChannel] Error: (msgtype=0x5A000D,name=PHttpBackgroundChannel::Msg___delete__) Channel error: cannot send/recv

JavaScript error: resource://gre/modules/CrashManager.jsm, line 828: AbortError: IOUtils: Shutting down and refusing additional I/O tasks

###!!! [Parent][RunMessage] Error: Channel closing: too late to send/recv, messages will be lost

1636447538520	geckodriver	INFO	Listening on 127.0.0.1:47157
1636447538593	mozrunner::runner	INFO	Running command: "/usr/local/bin/firefox" "--marionette" "-no-remote" "-profile" "/tmp/rust_mozprofiler5gvvi"
1636447548513	Marionette	INFO	Marionette enabled
console.warn: SearchSettings: "get: No settings file exists, new profile?" (new NotFoundError("Could not open the file at /tmp/rust_mozprofiler5gvvi/search.json.mozlz4", (void 0)))
console.error: Region.jsm: "Error fetching region" (new Error("TIMEOUT", "resource://gre/modules/Region.jsm", 772))
console.error: Region.jsm: "Failed to fetch region" (new Error("TIMEOUT", "resource://gre/modules/Region.jsm", 419))
1636447582745	Marionette	INFO	Listening on port 35841
1636447584434	RemoteAgent	WARN	TLS certificate errors will be ignored for this session
1636447678855	Marionette	WARN	TimedPromise timed out after 500 ms: stacktrace:
TimedPromise/<@chrome://remote/content/marionette/sync.js:238:19
TimedPromise@chrome://remote/content/marionette/sync.js:223:10
interaction.flushEventLoop@chrome://remote/content/marionette/interaction.js:431:10
webdriverClickElement@chrome://remote/content/marionette/interaction.js:179:31
1636447689980	Marionette	INFO	Stopped listening on port 35841
WARNING: At least one completion condition is taking too long to complete. Conditions: [{"name":"SessionStore: flushing all windows","state":{"total":1,"current":0},"filename":"resource:///modules/sessionstore/SessionStore.jsm","lineNumber":2061,"stack":["resource:///modules/sessionstore/SessionStore.jsm:ssi_onQuitApplicationGranted:2061","resource:///modules/sessionstore/SessionStore.jsm:ssi_observe:978","chrome://remote/content/marionette/driver.js:GeckoDriver.prototype.quit:2634","chrome://remote/content/marionette/server.js:despatch:306","chrome://remote/content/marionette/server.js:execute:279","chrome://remote/content/marionette/server.js:onPacket/<:252","chrome://remote/content/marionette/server.js:onPacket:253","chrome://remote/content/marionette/transport.js:_onJSONObjectReady/<:500"]}] Barrier: quit-application-granted

###!!! [Parent][RunMessage] Error: Channel closing: too late to send/recv, messages will be lost

1636447868497	geckodriver	INFO	Listening on 127.0.0.1:33627
1636447868595	mozrunner::runner	INFO	Running command: "/usr/local/bin/firefox" "--marionette" "-no-remote" "-profile" "/tmp/rust_mozprofilelHsGpO"
1636447879970	Marionette	INFO	Marionette enabled
console.warn: SearchSettings: "get: No settings file exists, new profile?" (new NotFoundError("Could not open the file at /tmp/rust_mozprofilelHsGpO/search.json.mozlz4", (void 0)))
console.error: Region.jsm: "Error fetching region" (new AbortError("The operation was aborted. ", (void 0), 770))
console.error: Region.jsm: "Failed to fetch region" (new Error("NO_RESULT", "resource://gre/modules/Region.jsm", 419))
1636447911297	Marionette	INFO	Listening on port 33611
1636447913433	RemoteAgent	WARN	TLS certificate errors will be ignored for this session
1636447974690	Marionette	WARN	TimedPromise timed out after 500 ms: stacktrace:
TimedPromise/<@chrome://remote/content/marionette/sync.js:238:19
TimedPromise@chrome://remote/content/marionette/sync.js:223:10
interaction.flushEventLoop@chrome://remote/content/marionette/interaction.js:431:10
webdriverClickElement@chrome://remote/content/marionette/interaction.js:179:31
1636447989259	Marionette	INFO	Stopped listening on port 33611
